==121== Memcheck, a memory error detector
==121== Copyright (C) 2002-2017, and GNU GPL'd, by Julian Seward et al.
==121== Using Valgrind-3.15.0 and LibVEX; rerun with -h for copyright info
==121== Command: ./push_swap
==121== Parent PID: 80
==121== 
==121== 
==121== FILE DESCRIPTORS: 4 open at exit.
==121== Open file descriptor 3: /home/vscode/src/out.log
==121==    <inherited from parent>
==121== 
==121== Open file descriptor 2: /dev/pts/0
==121==    <inherited from parent>
==121== 
==121== Open file descriptor 1: /dev/pts/0
==121==    <inherited from parent>
==121== 
==121== Open file descriptor 0: /dev/pts/0
==121==    <inherited from parent>
==121== 
==121== 
==121== HEAP SUMMARY:
==121==     in use at exit: 0 bytes in 0 blocks
==121==   total heap usage: 0 allocs, 0 frees, 0 bytes allocated
==121== 
==121== All heap blocks were freed -- no leaks are possible
==121== 
==121== ERROR SUMMARY: 0 errors from 0 contexts (suppressed: 0 from 0)
